[1222/145847.190:ERROR:directory_reader_win.cc(43)] FindFirstFile: 지정된 경로를 찾을 수 없습니다. (0x3)
[1223/030151.023:ERROR:process_info.cc(359)] UncheckedAllocate
[1223/030151.088:ERROR:filesystem_win.cc(129)] GetFileAttributes C:\Users\user\AppData\Local\Google\Chrome\User Data\Crashpad\attachments\66c22756-89cf-46d5-bb64-4832b8b5a576: 지정된 경로를 찾을 수 없습니다. (0x3)
[1223/030151.181:ERROR:process_info.cc(359)] UncheckedAllocate
[1223/030151.538:ERROR:process_info.cc(359)] UncheckedAllocate
[1223/030151.627:ERROR:http_transport_win.cc(276)] WinHttpSendRequest: 작업을 완료했습니다. (0x0)
[1223/030154.088:ERROR:process_reader_win.cc(188)] ResumeThread: 매개 변수가 틀립니다. (0x57)
[1223/030154.089:ERROR:process_reader_win.cc(151)] SuspendThread: 액세스가 거부되었습니다. (0x5)
[1223/030154.089:ERROR:process_reader_win.cc(151)] SuspendThread: 액세스가 거부되었습니다. (0x5)
[1223/030154.089:ERROR:process_reader_win.cc(151)] SuspendThread: 액세스가 거부되었습니다. (0x5)
[1223/030154.089:ERROR:process_reader_win.cc(151)] SuspendThread: 액세스가 거부되었습니다. (0x5)
[1223/030154.089:ERROR:process_reader_win.cc(151)] SuspendThread: 액세스가 거부되었습니다. (0x5)
[1223/030154.089:ERROR:process_reader_win.cc(151)] SuspendThread: 액세스가 거부되었습니다. (0x5)
[1223/030154.090:ERROR:process_reader_win.cc(151)] SuspendThread: 액세스가 거부되었습니다. (0x5)
[1223/030154.090:ERROR:process_reader_win.cc(151)] SuspendThread: 액세스가 거부되었습니다. (0x5)
[1223/030154.090:ERROR:process_reader_win.cc(151)] SuspendThread: 액세스가 거부되었습니다. (0x5)
[1223/030154.094:ERROR:process_reader_win.cc(188)] ResumeThread: 매개 변수가 틀립니다. (0x57)
[1223/030154.094:ERROR:process_reader_win.cc(151)] SuspendThread: 액세스가 거부되었습니다. (0x5)
[1223/030154.094:ERROR:process_reader_win.cc(151)] SuspendThread: 액세스가 거부되었습니다. (0x5)
[1223/030154.094:ERROR:process_reader_win.cc(151)] SuspendThread: 액세스가 거부되었습니다. (0x5)
[1223/030154.094:ERROR:process_reader_win.cc(151)] SuspendThread: 액세스가 거부되었습니다. (0x5)
[1223/030154.094:ERROR:process_reader_win.cc(151)] SuspendThread: 액세스가 거부되었습니다. (0x5)
[1223/030154.094:ERROR:process_reader_win.cc(151)] SuspendThread: 액세스가 거부되었습니다. (0x5)
[1223/030154.094:ERROR:process_reader_win.cc(151)] SuspendThread: 액세스가 거부되었습니다. (0x5)
[1223/030154.094:ERROR:process_reader_win.cc(151)] SuspendThread: 액세스가 거부되었습니다. (0x5)
[1223/030154.094:ERROR:process_reader_win.cc(151)] SuspendThread: 액세스가 거부되었습니다. (0x5)
[1223/030154.095:ERROR:exception_snapshot_win.cc(99)] thread ID 21220 not found in process
[1223/030154.125:ERROR:process_reader_win.cc(188)] ResumeThread: 매개 변수가 틀립니다. (0x57)
[1223/030154.125:ERROR:process_reader_win.cc(151)] SuspendThread: 액세스가 거부되었습니다. (0x5)
[1223/030154.126:ERROR:process_reader_win.cc(151)] SuspendThread: 액세스가 거부되었습니다. (0x5)
[1223/030154.126:ERROR:process_reader_win.cc(151)] SuspendThread: 액세스가 거부되었습니다. (0x5)
[1223/030154.126:ERROR:process_reader_win.cc(151)] SuspendThread: 액세스가 거부되었습니다. (0x5)
[1223/030154.126:ERROR:process_reader_win.cc(151)] SuspendThread: 액세스가 거부되었습니다. (0x5)
[1223/030154.126:ERROR:process_reader_win.cc(151)] SuspendThread: 액세스가 거부되었습니다. (0x5)
[1223/030154.126:ERROR:process_reader_win.cc(151)] SuspendThread: 액세스가 거부되었습니다. (0x5)
[1223/030154.126:ERROR:process_reader_win.cc(151)] SuspendThread: 액세스가 거부되었습니다. (0x5)
[1223/030154.126:ERROR:process_reader_win.cc(151)] SuspendThread: 액세스가 거부되었습니다. (0x5)
[1223/030154.324:ERROR:process_reader_win.cc(188)] ResumeThread: 매개 변수가 틀립니다. (0x57)
[1223/030154.324:ERROR:process_reader_win.cc(151)] SuspendThread: 액세스가 거부되었습니다. (0x5)
[1223/030154.324:ERROR:process_reader_win.cc(151)] SuspendThread: 액세스가 거부되었습니다. (0x5)
[1223/030154.324:ERROR:process_reader_win.cc(151)] SuspendThread: 액세스가 거부되었습니다. (0x5)
[1223/030154.324:ERROR:process_reader_win.cc(151)] SuspendThread: 액세스가 거부되었습니다. (0x5)
[1223/030154.324:ERROR:process_reader_win.cc(151)] SuspendThread: 액세스가 거부되었습니다. (0x5)
[1223/030154.324:ERROR:process_reader_win.cc(151)] SuspendThread: 액세스가 거부되었습니다. (0x5)
[1223/030154.325:ERROR:process_reader_win.cc(151)] SuspendThread: 액세스가 거부되었습니다. (0x5)
[1223/030154.325:ERROR:process_reader_win.cc(151)] SuspendThread: 액세스가 거부되었습니다. (0x5)
[1223/030154.325:ERROR:process_reader_win.cc(151)] SuspendThread: 액세스가 거부되었습니다. (0x5)
[1223/142807.082:ERROR:directory_reader_win.cc(43)] FindFirstFile: 지정된 경로를 찾을 수 없습니다. (0x3)
[1223/220428.135:ERROR:filesystem_win.cc(129)] GetFileAttributes C:\Users\user\AppData\Local\Google\Chrome\User Data\Crashpad\attachments\bc1a7073-d882-4b6c-9584-76d393abe7a2: 지정된 경로를 찾을 수 없습니다. (0x3)
[1224/105032.192:ERROR:directory_reader_win.cc(43)] FindFirstFile: 지정된 경로를 찾을 수 없습니다. (0x3)
